#
# There is insufficient memory for the Java Runtime Environment to continue.
# Native memory allocation (mmap) failed to map 247463936 bytes for G1 virtual space
# Possible reasons:
#   The system is out of physical RAM or swap space
#   The process is running with CompressedOops enabled, and the Java Heap may be blocking the growth of the native heap
# Possible solutions:
#   Reduce memory load on the system
#   Increase physical memory or swap space
#   Check if swap backing store is full
#   Decrease Java heap size (-Xmx/-Xms)
#   Decrease number of Java threads
#   Decrease Java thread stack sizes (-Xss)
#   Set larger code cache with -XX:ReservedCodeCacheSize=
#   JVM is running with Zero Based Compressed Oops mode in which the Java heap is
#     placed in the first 32GB address space. The Java Heap base address is the
#     maximum limit for the native heap growth. Please use -XX:HeapBaseMinAddress
#     to set the Java Heap base and to place the Java Heap above 32GB virtual address.
# This output file may be truncated or incomplete.
#
#  Out of Memory Error (os_windows.cpp:3753), pid=28808, tid=28696
#
# JRE version:  (17.0.4.1+7) (build )
# Java VM: OpenJDK 64-Bit Server VM (17.0.4.1+7-b469.62, mixed mode, sharing, tiered, compressed oops, compressed class ptrs, g1 gc, windows-amd64)
# No core dump will be written. Minidumps are not enabled by default on client versions of Windows
#

---------------  S U M M A R Y ------------

Command Line: git4idea.http.GitAskPassApp Username for 'https://github.com': 

Host: AMD Ryzen 7 6800H with Radeon Graphics         , 16 cores, 14G,  Windows 11 , 64 bit Build 22621 (10.0.22621.1194)
Time: Tue Mar 14 10:31:29 2023  Windows 11 , 64 bit Build 22621 (10.0.22621.1194) elapsed time: 0.013432 seconds (0d 0h 0m 0s)

---------------  T H R E A D  ---------------

Current thread (0x0000019045d32f90):  JavaThread "Unknown thread" [_thread_in_vm, id=28696, stack(0x0000001269b00000,0x0000001269c00000)]

Stack: [0x0000001269b00000,0x0000001269c00000]
Native frames: (J=compiled Java code, j=interpreted, Vv=VM code, C=native code)
V  [jvm.dll+0x68356a]
V  [jvm.dll+0x83fab4]
V  [jvm.dll+0x84125e]
V  [jvm.dll+0x8418c3]
V  [jvm.dll+0x249735]
V  [jvm.dll+0x680439]
V  [jvm.dll+0x674a7a]
V  [jvm.dll+0x30956b]
V  [jvm.dll+0x310a26]
V  [jvm.dll+0x36089e]
V  [jvm.dll+0x360acf]
V  [jvm.dll+0x2df658]
V  [jvm.dll+0x2e05c4]
V  [jvm.dll+0x8112a1]
V  [jvm.dll+0x36e6f1]
V  [jvm.dll+0x7f076c]
V  [jvm.dll+0x3f180f]
V  [jvm.dll+0x3f3351]
C  [jli.dll+0x526b]
C  [ucrtbase.dll+0x29363]
C  [KERNEL32.DLL+0x126bd]
C  [ntdll.dll+0x5dfb8]


---------------  P R O C E S S  ---------------

Threads class SMR info:
_java_thread_list=0x00007ffa9f9c7f58, length=0, elements={
}

Java Threads: ( => current thread )

Other Threads:
  0x0000019045d98d70 GCTaskThread "GC Thread#0" [stack: 0x0000001269c00000,0x0000001269d00000] [id=29216]
  0x0000019045da8820 ConcurrentGCThread "G1 Main Marker" [stack: 0x0000001269d00000,0x0000001269e00000] [id=26864]
  0x0000019045da98d0 ConcurrentGCThread "G1 Conc#0" [stack: 0x0000001269e00000,0x0000001269f00000] [id=28828]

[error occurred during error reporting (printing all threads), id 0xc0000005, EXCEPTION_ACCESS_VIOLATION (0xc0000005) at pc=0x00007ffa9f180217]

VM state: not at safepoint (not fully initialized)

VM Mutex/Monitor currently owned by a thread:  ([mutex/lock_event])
[0x0000019045d2cf80] Heap_lock - owner thread: 0x0000019045d32f90

Heap address: 0x0000000714e00000, size: 3762 MB, Compressed Oops mode: Zero based, Oop shift amount: 3

CDS archive(s) mapped at: [0x0000000000000000-0x0000000000000000-0x0000000000000000), size 0, SharedBaseAddress: 0x0000000800000000, ArchiveRelocationMode: 0.
Narrow klass base: 0x0000000000000000, Narrow klass shift: 0, Narrow klass range: 0x0

GC Precious Log:
<Empty>

Heap:
 garbage-first heap   total 0K, used 0K [0x0000000714e00000, 0x0000000800000000)
  region size 2048K, 0 young (0K), 0 survivors (0K)

[error occurred during error reporting (printing heap information), id 0xc0000005, EXCEPTION_ACCESS_VIOLATION (0xc0000005) at pc=0x00007ffa9f56d1f9]

GC Heap History (0 events):
No events

Deoptimization events (0 events):
No events

Classes unloaded (0 events):
No events

Classes redefined (0 events):
No events

Internal exceptions (0 events):
No events

VM Operations (0 events):
No events

Events (1 events):
Event: 0.007 Loaded shared library C:\Program Files\JetBrains\IntelliJ IDEA 2022.2.3\jbr\bin\java.dll


Dynamic libraries:
0x00007ff75dab0000 - 0x00007ff75daba000 	C:\Program Files\JetBrains\IntelliJ IDEA 2022.2.3\jbr\bin\java.exe
0x00007ffb0fe30000 - 0x00007ffb10044000 	C:\WINDOWS\SYSTEM32\ntdll.dll
0x00007ffb0fb20000 - 0x00007ffb0fbe3000 	C:\WINDOWS\System32\KERNEL32.DLL
0x00007ffb0d620000 - 0x00007ffb0d9bc000 	C:\WINDOWS\System32\KERNELBASE.dll
0x00007ffb0d390000 - 0x00007ffb0d4a1000 	C:\WINDOWS\System32\ucrtbase.dll
0x00007ffafdc00000 - 0x00007ffafdc1b000 	C:\Program Files\JetBrains\IntelliJ IDEA 2022.2.3\jbr\bin\VCRUNTIME140.dll
0x00007ffafdb80000 - 0x00007ffafdb97000 	C:\Program Files\JetBrains\IntelliJ IDEA 2022.2.3\jbr\bin\jli.dll
0x00007ffb0eac0000 - 0x00007ffb0ec6d000 	C:\WINDOWS\System32\USER32.dll
0x00007ffb0dc10000 - 0x00007ffb0dc36000 	C:\WINDOWS\System32\win32u.dll
0x00007ffaf2820000 - 0x00007ffaf2aae000 	C:\WINDOWS\WinSxS\amd64_microsoft.windows.common-controls_6595b64144ccf1df_6.0.22621.608_none_a9444ca7c10bb01d\COMCTL32.dll
0x00007ffb0e060000 - 0x00007ffb0e089000 	C:\WINDOWS\System32\GDI32.dll
0x00007ffb0fc40000 - 0x00007ffb0fce7000 	C:\WINDOWS\System32\msvcrt.dll
0x00007ffb0d270000 - 0x00007ffb0d382000 	C:\WINDOWS\System32\gdi32full.dll
0x00007ffb0d9c0000 - 0x00007ffb0da5a000 	C:\WINDOWS\System32\msvcp_win.dll
0x00007ffb0fc00000 - 0x00007ffb0fc32000 	C:\WINDOWS\System32\IMM32.DLL
0x00007ffaff180000 - 0x00007ffaff18c000 	C:\Program Files\JetBrains\IntelliJ IDEA 2022.2.3\jbr\bin\vcruntime140_1.dll
0x00007ffafadb0000 - 0x00007ffafae3d000 	C:\Program Files\JetBrains\IntelliJ IDEA 2022.2.3\jbr\bin\msvcp140.dll
0x00007ffa9ee90000 - 0x00007ffa9faf9000 	C:\Program Files\JetBrains\IntelliJ IDEA 2022.2.3\jbr\bin\server\jvm.dll
0x00007ffb0f1b0000 - 0x00007ffb0f25e000 	C:\WINDOWS\System32\ADVAPI32.dll
0x00007ffb0ed00000 - 0x00007ffb0eda4000 	C:\WINDOWS\System32\sechost.dll
0x00007ffb0f830000 - 0x00007ffb0f945000 	C:\WINDOWS\System32\RPCRT4.dll
0x00007ffb0fb10000 - 0x00007ffb0fb18000 	C:\WINDOWS\System32\PSAPI.DLL
0x00007ffaf2550000 - 0x00007ffaf2559000 	C:\WINDOWS\SYSTEM32\WSOCK32.dll
0x00007ffb05700000 - 0x00007ffb0570a000 	C:\WINDOWS\SYSTEM32\VERSION.dll
0x00007ffb04e70000 - 0x00007ffb04ea4000 	C:\WINDOWS\SYSTEM32\WINMM.dll
0x00007ffb0f6f0000 - 0x00007ffb0f761000 	C:\WINDOWS\System32\WS2_32.dll
0x00007ffb0c2a0000 - 0x00007ffb0c2b8000 	C:\WINDOWS\SYSTEM32\kernel.appcore.dll
0x00007ffb08470000 - 0x00007ffb0847a000 	C:\Program Files\JetBrains\IntelliJ IDEA 2022.2.3\jbr\bin\jimage.dll
0x00007ffb0ad50000 - 0x00007ffb0af7e000 	C:\WINDOWS\SYSTEM32\DBGHELP.DLL
0x00007ffb0dc60000 - 0x00007ffb0dfea000 	C:\WINDOWS\System32\combase.dll
0x00007ffb0f0d0000 - 0x00007ffb0f1a7000 	C:\WINDOWS\System32\OLEAUT32.dll
0x00007ffaf34c0000 - 0x00007ffaf34f2000 	C:\WINDOWS\SYSTEM32\dbgcore.DLL
0x00007ffb0dad0000 - 0x00007ffb0db4b000 	C:\WINDOWS\System32\bcryptPrimitives.dll
0x00007ffb08440000 - 0x00007ffb08465000 	C:\Program Files\JetBrains\IntelliJ IDEA 2022.2.3\jbr\bin\java.dll

dbghelp: loaded successfully - version: 4.0.5 - missing functions: none
symbol engine: initialized successfully - sym options: 0x614 - pdb path: .;C:\Program Files\JetBrains\IntelliJ IDEA 2022.2.3\jbr\bin;C:\WINDOWS\SYSTEM32;C:\WINDOWS\WinSxS\amd64_microsoft.windows.common-controls_6595b64144ccf1df_6.0.22621.608_none_a9444ca7c10bb01d;C:\Program Files\JetBrains\IntelliJ IDEA 2022.2.3\jbr\bin\server

VM Arguments:
java_command: git4idea.http.GitAskPassApp Username for 'https://github.com': 
java_class_path (initial): C:/Program Files/JetBrains/IntelliJ IDEA 2022.2.3/plugins/git4idea/lib/git4idea-rt.jar;C:/Program Files/JetBrains/IntelliJ IDEA 2022.2.3/lib/externalProcess-rt.jar;C:/Program Files/JetBrains/IntelliJ IDEA 2022.2.3/lib/app.jar;C:/Program Files/JetBrains/IntelliJ IDEA 2022.2.3/lib/3rd-party-rt.jar
Launcher Type: SUN_STANDARD

[Global flags]
     intx CICompilerCount                          = 12                                        {product} {ergonomic}
     uint ConcGCThreads                            = 3                                         {product} {ergonomic}
     uint G1ConcRefinementThreads                  = 13                                        {product} {ergonomic}
   size_t G1HeapRegionSize                         = 2097152                                   {product} {ergonomic}
    uintx GCDrainStackTargetSize                   = 64                                        {product} {ergonomic}
   size_t InitialHeapSize                          = 247463936                                 {product} {ergonomic}
   size_t MarkStackSize                            = 4194304                                   {product} {ergonomic}
   size_t MaxHeapSize                              = 3944742912                                {product} {ergonomic}
   size_t MinHeapDeltaBytes                        = 2097152                                   {product} {ergonomic}
   size_t MinHeapSize                              = 8388608                                   {product} {ergonomic}
    uintx NonNMethodCodeHeapSize                   = 7602480                                {pd product} {ergonomic}
    uintx NonProfiledCodeHeapSize                  = 122027880                              {pd product} {ergonomic}
    uintx ProfiledCodeHeapSize                     = 122027880                              {pd product} {ergonomic}
    uintx ReservedCodeCacheSize                    = 251658240                              {pd product} {ergonomic}
     bool SegmentedCodeCache                       = true                                      {product} {ergonomic}
   size_t SoftMaxHeapSize                          = 3944742912                             {manageable} {ergonomic}
     bool UseCompressedClassPointers               = true                           {product lp64_product} {ergonomic}
     bool UseCompressedOops                        = true                           {product lp64_product} {ergonomic}
     bool UseG1GC                                  = true                                      {product} {ergonomic}
     bool UseLargePagesIndividualAllocation        = false                                  {pd product} {ergonomic}

Logging:
Log output configuration:
 #0: stdout all=warning uptime,level,tags
 #1: stderr all=off uptime,level,tags

Environment Variables:
JAVA_HOME=C:\Program Files\Java\jdk1.8.0_351
PATH=C:/Program Files/Git/mingw64/libexec/git-core;C:/Program Files/Git/mingw64/libexec/git-core;C:\Program Files\Git\mingw64\bin;C:\Program Files\Git\usr\bin;C:\Users\admin\bin;C:\Program Files\Common Files\Oracle\Java\javapath;C:\Program Files (x86)\Common Files\Oracle\Java\javapath;C:\WINDOWS\system32;C:\WINDOWS;C:\WINDOWS\System32\Wbem;C:\WINDOWS\System32\WindowsPowerShell\v1.0\;C:\WINDOWS\System32\OpenSSH\;C:\Program Files\Git\cmd;E:\DTPrograms\apache-maven-3.8.6\bin;C:\Program Files (x86)\NetSarang\Xshell 7\;C:\Program Files (x86)\NetSarang\Xftp 7\;C:\Program Files\Java\jdk1.8.0_351\bin;C:\Program Files\Java\jdk1.8.0_351\jre\bin;C:\Program Files\nodejs\;E:\DTPrograms\mysql-8.0.30-winx64\bin;C:\Program Files\Redis\;C:\Users\admin\AppData\Local\Programs\Python\Python311\Scripts\;C:\Users\admin\AppData\Local\Programs\Python\Python311\;C:\Users\admin\AppData\Local\Microsoft\WindowsApps;C:\Users\admin\AppData\Roaming\npm
USERNAME=admin
DISPLAY=:0.0
LC_ALL=en_US.UTF-8
TERM=cygwin
TMPDIR=C:\Users\admin\AppData\Local\Temp
OS=Windows_NT
PROCESSOR_IDENTIFIER=AMD64 Family 25 Model 68 Stepping 1, AuthenticAMD
TMP=C:\Users\admin\AppData\Local\Temp
TEMP=C:\Users\admin\AppData\Local\Temp



---------------  S Y S T E M  ---------------

OS:
 Windows 11 , 64 bit Build 22621 (10.0.22621.1194)
OS uptime: 0 days 1:04 hours

CPU: total 16 (initial active 16) (16 cores per cpu, 2 threads per core) family 25 model 68 stepping 1 microcode 0x0, cx8, cmov, fxsr, ht, mmx, 3dnowpref, sse, sse2, sse3, ssse3, sse4a, sse4.1, sse4.2, popcnt, lzcnt, tsc, tscinvbit, avx, avx2, aes, clmul, bmi1, bmi2, adx, sha, fma, vzeroupper, clflush, clflushopt

Memory: 4k page, system-wide physical 15044M (1390M free)
TotalPageFile size 34187M (AvailPageFile size 145M)
current process WorkingSet (physical memory assigned to process): 11M, peak: 11M
current process commit charge ("private bytes"): 70M, peak: 306M

vm_info: OpenJDK 64-Bit Server VM (17.0.4.1+7-b469.62) for windows-amd64 JRE (17.0.4.1+7-b469.62), built on 2022-09-22 by "builduser" with MS VC++ 16.10 / 16.11 (VS2019)

END.
